<?xml version="1.0" encoding="UTF-8"?>
<coverage generated="1778749747219" clover="3.2.0">
  <project timestamp="1778749747219" name="All files">
    <metrics statements="8" coveredstatements="8" conditionals="1" coveredconditionals="1" methods="2" coveredmethods="2" elements="11" coveredelements="11" complexity="0" loc="8" ncloc="8" packages="1" files="1" classes="1"/>
    <file name="parser.ts" path="C:\Users\ydh\.routa\workspace\db4e5566-f0c5-4118-8831-6fca09820554\db4e5566-f0c5-4118-8831-6fca09820554\fe2fc64b-a683-4889-83fe-70e33e801654\8c209ef2\src\parser.ts">
      <metrics statements="8" coveredstatements="8" conditionals="1" coveredconditionals="1" methods="2" coveredmethods="2"/>
      <line num="6" count="1" type="stmt"/>
      <line num="12" count="1" type="stmt"/>
      <line num="30" count="1" type="stmt"/>
      <line num="31" count="48" type="cond" truecount="1" falsecount="0"/>
      <line num="32" count="3" type="stmt"/>
      <line num="36" count="45" type="stmt"/>
      <line num="45" count="1" type="stmt"/>
      <line num="46" count="3" type="stmt"/>
    </file>
  </project>
</coverage>
