{"C:\\Users\\ydh\\.routa\\workspace\\db4e5566-f0c5-4118-8831-6fca09820554\\db4e5566-f0c5-4118-8831-6fca09820554\\fe2fc64b-a683-4889-83fe-70e33e801654\\8c209ef2\\src\\parser.ts": {"path":"C:\\Users\\ydh\\.routa\\workspace\\db4e5566-f0c5-4118-8831-6fca09820554\\db4e5566-f0c5-4118-8831-6fca09820554\\fe2fc64b-a683-4889-83fe-70e33e801654\\8c209ef2\\src\\parser.ts","statementMap":{"0":{"start":{"line":30,"column":0},"end":{"line":30,"column":16}},"1":{"start":{"line":45,"column":0},"end":{"line":45,"column":16}},"2":{"start":{"line":6,"column":0},"end":{"line":6,"column":32}},"3":{"start":{"line":12,"column":0},"end":{"line":16,"column":3}},"4":{"start":{"line":31,"column":2},"end":{"line":33,"column":3}},"5":{"start":{"line":32,"column":4},"end":{"line":32,"column":50}},"6":{"start":{"line":36,"column":2},"end":{"line":36,"column":36}},"7":{"start":{"line":46,"column":2},"end":{"line":46,"column":38}}},"fnMap":{"0":{"name":"parseMarkdown","decl":{"start":{"line":30,"column":16},"end":{"line":30,"column":29}},"loc":{"start":{"line":30,"column":46},"end":{"line":37,"column":1}}},"1":{"name":"parseMarkdownBatch","decl":{"start":{"line":45,"column":16},"end":{"line":45,"column":34}},"loc":{"start":{"line":45,"column":54},"end":{"line":47,"column":1}}}},"branchMap":{"0":{"loc":{"start":{"line":31,"column":2},"end":{"line":33,"column":3}},"type":"if","locations":[{"start":{"line":31,"column":2},"end":{"line":33,"column":3}}]}},"s":{"0":1,"1":1,"2":1,"3":1,"4":48,"5":3,"6":45,"7":3},"f":{"0":48,"1":3},"b":{"0":[3]}}
}
